# JRE version: Java(TM) SE Runtime Environment (8.0_311-b11) (build 1.8.0_311-b11)
# Java VM: Java HotSpot(TM) 64-Bit Server VM (25.311-b11 mixed mode windows-amd64 compressed oops)
Heap:
 PSYoungGen      total 1978368K, used 262407K [0x000000072a000000, 0x00000007bf500000, 0x00000007c0000000)
  eden space 1912832K, 10% used [0x000000072a000000,0x000000073609d0b8,0x000000079ec00000)
  from space 65536K, 99% used [0x000000079ec00000,0x00000007a2ba4eb0,0x00000007a2c00000)
  to   space 266752K, 0% used [0x00000007af080000,0x00000007af080000,0x00000007bf500000)
 ParOldGen       total 3399680K, used 583481K [0x00000005fe000000, 0x00000006cd800000, 0x000000072a000000)
  object space 3399680K, 17% used [0x00000005fe000000,0x00000006219ce5e0,0x00000006cd800000)
 Metaspace       used 178934K, capacity 183384K, committed 183552K, reserved 1200128K
  class space    used 30724K, capacity 32507K, committed 32552K, reserved 1048576K
GC Heap History (10 events):
Event: 62.590 GC heap before
{Heap before GC invocations=38 (full 4):
 PSYoungGen      total 2122240K, used 2121941K [0x000000072a000000, 0x00000007c0000000, 0x00000007c0000000)
  eden space 1960960K, 100% used [0x000000072a000000,0x00000007a1b00000,0x00000007a1b00000)
  from space 161280K, 99% used [0x00000007a1b00000,0x00000007ab835640,0x00000007ab880000)
  to   space 252928K, 0% used [0x00000007b0900000,0x00000007b0900000,0x00000007c0000000)
 ParOldGen       total 2827264K, used 424856K [0x00000005fe000000, 0x00000006aa900000, 0x000000072a000000)
  object space 2827264K, 15% used [0x00000005fe000000,0x0000000617ee62c0,0x00000006aa900000)
 Metaspace       used 154731K, capacity 158337K, committed 158540K, reserved 1179648K
  class space    used 26136K, capacity 27449K, committed 27508K, reserved 1048576K
Event: 62.621 GC heap after
Heap after GC invocations=38 (full 4):
 PSYoungGen      total 2189312K, used 174772K [0x000000072a000000, 0x00000007c0000000, 0x00000007c0000000)
  eden space 1936384K, 0% used [0x000000072a000000,0x000000072a000000,0x00000007a0300000)
  from space 252928K, 69% used [0x00000007b0900000,0x00000007bb3ad080,0x00000007c0000000)
  to   space 260608K, 0% used [0x00000007a0300000,0x00000007a0300000,0x00000007b0180000)
 ParOldGen       total 2827264K, used 424864K [0x00000005fe000000, 0x00000006aa900000, 0x000000072a000000)
  object space 2827264K, 15% used [0x00000005fe000000,0x0000000617ee82c0,0x00000006aa900000)
 Metaspace       used 154731K, capacity 158337K, committed 158540K, reserved 1179648K
  class space    used 26136K, capacity 27449K, committed 27508K, reserved 1048576K
}
Event: 64.193 GC heap before
{Heap before GC invocations=39 (full 4):
 PSYoungGen      total 2189312K, used 1908093K [0x000000072a000000, 0x00000007c0000000, 0x00000007c0000000)
  eden space 1936384K, 89% used [0x000000072a000000,0x0000000793cb2718,0x00000007a0300000)
  from space 252928K, 69% used [0x00000007b0900000,0x00000007bb3ad080,0x00000007c0000000)
  to   space 260608K, 0% used [0x00000007a0300000,0x00000007a0300000,0x00000007b0180000)
 ParOldGen       total 2827264K, used 424864K [0x00000005fe000000, 0x00000006aa900000, 0x000000072a000000)
  object space 2827264K, 15% used [0x00000005fe000000,0x0000000617ee82c0,0x00000006aa900000)
 Metaspace       used 160074K, capacity 163756K, committed 163968K, reserved 1185792K
  class space    used 26930K, capacity 28328K, committed 28328K, reserved 1048576K
Event: 64.227 GC heap after
Heap after GC invocations=39 (full 4):
 PSYoungGen      total 2128896K, used 192168K [0x000000072a000000, 0x00000007c0000000, 0x00000007c0000000)
  eden space 1936384K, 0% used [0x000000072a000000,0x000000072a000000,0x00000007a0300000)
  from space 192512K, 99% used [0x00000007a0300000,0x00000007abeaa360,0x00000007abf00000)
  to   space 272384K, 0% used [0x00000007af600000,0x00000007af600000,0x00000007c0000000)
 ParOldGen       total 2827264K, used 424872K [0x00000005fe000000, 0x00000006aa900000, 0x000000072a000000)
  object space 2827264K, 15% used [0x00000005fe000000,0x0000000617eea2c0,0x00000006aa900000)
 Metaspace       used 160074K, capacity 163756K, committed 163968K, reserved 1185792K
  class space    used 26930K, capacity 28328K, committed 28328K, reserved 1048576K
}
Event: 64.227 GC heap before
{Heap before GC invocations=40 (full 5):
 PSYoungGen      total 2128896K, used 192168K [0x000000072a000000, 0x00000007c0000000, 0x00000007c0000000)
  eden space 1936384K, 0% used [0x000000072a000000,0x000000072a000000,0x00000007a0300000)
  from space 192512K, 99% used [0x00000007a0300000,0x00000007abeaa360,0x00000007abf00000)
  to   space 272384K, 0% used [0x00000007af600000,0x00000007af600000,0x00000007c0000000)
 ParOldGen       total 2827264K, used 424872K [0x00000005fe000000, 0x00000006aa900000, 0x000000072a000000)
  object space 2827264K, 15% used [0x00000005fe000000,0x0000000617eea2c0,0x00000006aa900000)
 Metaspace       used 160074K, capacity 163756K, committed 163968K, reserved 1185792K
  class space    used 26930K, capacity 28328K, committed 28328K, reserved 1048576K
Event: 64.543 GC heap after
Heap after GC invocations=40 (full 5):
 PSYoungGen      total 2128896K, used 0K [0x000000072a000000, 0x00000007c0000000, 0x00000007c0000000)
  eden space 1936384K, 0% used [0x000000072a000000,0x000000072a000000,0x00000007a0300000)
  from space 192512K, 0% used [0x00000007a0300000,0x00000007a0300000,0x00000007abf00000)
  to   space 272384K, 0% used [0x00000007af600000,0x00000007af600000,0x00000007c0000000)
 ParOldGen       total 3399680K, used 583465K [0x00000005fe000000, 0x00000006cd800000, 0x000000072a000000)
  object space 3399680K, 17% used [0x00000005fe000000,0x00000006219ca5e0,0x00000006cd800000)
 Metaspace       used 160074K, capacity 163756K, committed 163968K, reserved 1185792K
  class space    used 26930K, capacity 28328K, committed 28328K, reserved 1048576K
}
Event: 66.821 GC heap before
{Heap before GC invocations=41 (full 5):
 PSYoungGen      total 2128896K, used 1936384K [0x000000072a000000, 0x00000007c0000000, 0x00000007c0000000)
  eden space 1936384K, 100% used [0x000000072a000000,0x00000007a0300000,0x00000007a0300000)
  from space 192512K, 0% used [0x00000007a0300000,0x00000007a0300000,0x00000007abf00000)
  to   space 272384K, 0% used [0x00000007af600000,0x00000007af600000,0x00000007c0000000)
 ParOldGen       total 3399680K, used 583465K [0x00000005fe000000, 0x00000006cd800000, 0x000000072a000000)
  object space 3399680K, 17% used [0x00000005fe000000,0x00000006219ca5e0,0x00000006cd800000)
 Metaspace       used 169046K, capacity 172988K, committed 173184K, reserved 1191936K
  class space    used 28825K, capacity 30361K, committed 30376K, reserved 1048576K
Event: 66.838 GC heap after
Heap after GC invocations=41 (full 5):
 PSYoungGen      total 2185216K, used 46641K [0x000000072a000000, 0x00000007c0000000, 0x00000007c0000000)
  eden space 1912832K, 0% used [0x000000072a000000,0x000000072a000000,0x000000079ec00000)
  from space 272384K, 17% used [0x00000007af600000,0x00000007b238c5f8,0x00000007c0000000)
  to   space 272384K, 0% used [0x000000079ec00000,0x000000079ec00000,0x00000007af600000)
 ParOldGen       total 3399680K, used 583473K [0x00000005fe000000, 0x00000006cd800000, 0x000000072a000000)
  object space 3399680K, 17% used [0x00000005fe000000,0x00000006219cc5e0,0x00000006cd800000)
 Metaspace       used 169046K, capacity 172988K, committed 173184K, reserved 1191936K
  class space    used 28825K, capacity 30361K, committed 30376K, reserved 1048576K
}
Event: 68.992 GC heap before
{Heap before GC invocations=42 (full 5):
 PSYoungGen      total 2185216K, used 1959473K [0x000000072a000000, 0x00000007c0000000, 0x00000007c0000000)
  eden space 1912832K, 100% used [0x000000072a000000,0x000000079ec00000,0x000000079ec00000)
  from space 272384K, 17% used [0x00000007af600000,0x00000007b238c5f8,0x00000007c0000000)
  to   space 272384K, 0% used [0x000000079ec00000,0x000000079ec00000,0x00000007af600000)
 ParOldGen       total 3399680K, used 583473K [0x00000005fe000000, 0x00000006cd800000, 0x000000072a000000)
  object space 3399680K, 17% used [0x00000005fe000000,0x00000006219cc5e0,0x00000006cd800000)
 Metaspace       used 178088K, capacity 182452K, committed 182912K, reserved 1200128K
  class space    used 30590K, capacity 32321K, committed 32424K, reserved 1048576K
Event: 69.011 GC heap after
Heap after GC invocations=42 (full 5):
 PSYoungGen      total 1978368K, used 65171K [0x000000072a000000, 0x00000007bf500000, 0x00000007c0000000)
  eden space 1912832K, 0% used [0x000000072a000000,0x000000072a000000,0x000000079ec00000)
  from space 65536K, 99% used [0x000000079ec00000,0x00000007a2ba4eb0,0x00000007a2c00000)
  to   space 266752K, 0% used [0x00000007af080000,0x00000007af080000,0x00000007bf500000)
 ParOldGen       total 3399680K, used 583481K [0x00000005fe000000, 0x00000006cd800000, 0x000000072a000000)
  object space 3399680K, 17% used [0x00000005fe000000,0x00000006219ce5e0,0x00000006cd800000)
 Metaspace       used 178088K, capacity 182452K, committed 182912K, reserved 1200128K
  class space    used 30590K, capacity 32321K, committed 32424K, reserved 1048576K
}

